{"total": {"lines":{"total":36,"covered":11,"skipped":0,"pct":30.55},"statements":{"total":36,"covered":11,"skipped":0,"pct":30.55},"functions":{"total":8,"covered":0,"skipped":0,"pct":0},"branches":{"total":4,"covered":0,"skipped":0,"pct":0},"branchesTrue":{"total":0,"covered":0,"skipped":0,"pct":"Unknown"}}
,"/home/hager/Solar_System/app.js": {"lines":{"total":36,"covered":11,"skipped":0,"pct":30.55},"functions":{"total":8,"covered":0,"skipped":0,"pct":0},"statements":{"total":36,"covered":11,"skipped":0,"pct":30.55},"branches":{"total":4,"covered":0,"skipped":0,"pct":0}}
}
